Progetto Android/Applicazione/app/build/intermediates/manifest_merge_blame_file/debug/manifest-merger-blame-debug-report.txt
1<?xml version="1.0" encoding="utf-8"?>
2<manifest xmlns:android="http://schemas.android.com/apk/res/android"
3    package="it.unimib.turistafelice"
4    android:versionCode="1"
5    android:versionName="1.0" >
6
7    <uses-sdk
8        android:minSdkVersion="16"
8-->src/main/AndroidManifest.xml
9        android:targetSdkVersion="29" />
9-->src/main/AndroidManifest.xml
10
11    <uses-permission android:name="android.permission.INTERNET" />
11-->src/main/AndroidManifest.xml:5:5-67
11-->src/main/AndroidManifest.xml:5:22-64
12    <uses-permission android:name="android.permission.ACCESS_NETWORK_STATE" />
12-->src/main/AndroidManifest.xml:6:5-78
12-->src/main/AndroidManifest.xml:6:22-76
13    <uses-permission android:name="android.permission.ACCESS_FINE_LOCATION" />
13-->src/main/AndroidManifest.xml:7:5-78
13-->src/main/AndroidManifest.xml:7:22-76
14    <uses-permission android:name="android.permission.ACCESS_COARSE_LOCATION" />
14-->src/main/AndroidManifest.xml:8:5-80
14-->src/main/AndroidManifest.xml:8:22-78
15    <uses-permission android:name="android.permission.ACCESS_WIFI_STATE" />
15-->[com.google.android.libraries.places:places:2.3.0] AndroidManifest.xml:10:5-76
15-->[com.google.android.libraries.places:places:2.3.0] AndroidManifest.xml:10:22-73
16
17    <uses-feature
17-->[com.google.android.gms:play-services-maps:17.0.0] AndroidManifest.xml:26:5-28:35
18        android:glEsVersion="0x00020000"
18-->[com.google.android.gms:play-services-maps:17.0.0] AndroidManifest.xml:27:9-41
19        android:required="true" />
19-->[com.google.android.gms:play-services-maps:17.0.0] AndroidManifest.xml:28:9-32
20
21    <application
21-->src/main/AndroidManifest.xml:10:5-36:19
22        android:name="androidx.multidex.MultiDexApplication"
23        android:allowBackup="true"
23-->src/main/AndroidManifest.xml:11:9-35
24        android:appComponentFactory="androidx.core.app.CoreComponentFactory"
24-->[androidx.core:core:1.3.0-rc01] AndroidManifest.xml:24:18-86
25        android:debuggable="true"
26        android:icon="@mipmap/ic_launcher"
26-->src/main/AndroidManifest.xml:12:9-43
27        android:label="@string/app_name"
27-->src/main/AndroidManifest.xml:13:9-41
28        android:roundIcon="@mipmap/ic_launcher_round"
28-->src/main/AndroidManifest.xml:14:9-54
29        android:supportsRtl="true"
29-->src/main/AndroidManifest.xml:15:9-35
30        android:testOnly="true"
31        android:theme="@style/Theme.MaterialComponents.DayNight.DarkActionBar" >
31-->src/main/AndroidManifest.xml:16:9-79
32        <meta-data
32-->src/main/AndroidManifest.xml:17:9-20:21
33            android:name="com.google.android.geo.API_KEY"
33-->src/main/AndroidManifest.xml:18:13-58
34            android:value="AIzaSyAifLbdgLUpxeTFqN1N5XUDDwCdfHp3DS4" >
34-->src/main/AndroidManifest.xml:19:13-68
35        </meta-data>
36        <meta-data
36-->src/main/AndroidManifest.xml:21:9-23:57
37            android:name="preloaded_fonts"
37-->src/main/AndroidManifest.xml:22:13-43
38            android:resource="@array/preloaded_fonts" />
38-->src/main/AndroidManifest.xml:23:13-54
39
40        <activity
40-->src/main/AndroidManifest.xml:25:9-32:20
41            android:name="it.unimib.turistafelice.SplashActivity"
41-->src/main/AndroidManifest.xml:25:19-49
42            android:theme="@style/SplashTheme" >
42-->src/main/AndroidManifest.xml:25:50-84
43            <intent-filter>
43-->src/main/AndroidManifest.xml:26:13-30:29
44                <action android:name="android.intent.action.MAIN" />
44-->src/main/AndroidManifest.xml:27:17-69
44-->src/main/AndroidManifest.xml:27:25-66
45
46                <category android:name="android.intent.category.LAUNCHER" />
46-->src/main/AndroidManifest.xml:28:17-77
46-->src/main/AndroidManifest.xml:28:27-74
47            </intent-filter>
48        </activity>
49        <activity android:name="it.unimib.turistafelice.MainActivity" />
49-->src/main/AndroidManifest.xml:34:9-50
49-->src/main/AndroidManifest.xml:34:19-47
50        <activity
50-->[com.karumi:dexter:6.2.0] AndroidManifest.xml:27:9-29:72
51            android:name="com.karumi.dexter.DexterActivity"
51-->[com.karumi:dexter:6.2.0] AndroidManifest.xml:28:13-60
52            android:theme="@style/Dexter.Internal.Theme.Transparent" />
52-->[com.karumi:dexter:6.2.0] AndroidManifest.xml:29:13-69
53        <activity
53-->[com.google.android.libraries.places:places:2.3.0] AndroidManifest.xml:14:9-20:20
54            android:name="com.google.android.libraries.places.widget.AutocompleteActivity"
54-->[com.google.android.libraries.places:places:2.3.0] AndroidManifest.xml:15:13-91
55            android:exported="false"
55-->[com.google.android.libraries.places:places:2.3.0] AndroidManifest.xml:16:13-37
56            android:label="@string/places_autocomplete_label"
56-->[com.google.android.libraries.places:places:2.3.0] AndroidManifest.xml:17:13-62
57            android:theme="@style/PlacesAutocompleteOverlay"
57-->[com.google.android.libraries.places:places:2.3.0] AndroidManifest.xml:18:13-61
58            android:windowSoftInputMode="adjustResize" >
58-->[com.google.android.libraries.places:places:2.3.0] AndroidManifest.xml:19:13-55
59        </activity>
60
61        <service
61-->[com.google.firebase:firebase-storage:19.1.1] AndroidManifest.xml:30:9-36:19
62            android:name="com.google.firebase.components.ComponentDiscoveryService"
62-->[com.google.firebase:firebase-storage:19.1.1] AndroidManifest.xml:31:13-84
63            android:directBootAware="true"
63-->[com.google.firebase:firebase-common:19.3.0] AndroidManifest.xml:34:13-43
64            android:exported="false" >
64-->[com.google.firebase:firebase-storage:19.1.1] AndroidManifest.xml:32:13-37
65            <meta-data
65-->[com.google.firebase:firebase-storage:19.1.1] AndroidManifest.xml:33:13-35:85
66                android:name="com.google.firebase.components:com.google.firebase.storage.StorageRegistrar"
66-->[com.google.firebase:firebase-storage:19.1.1] AndroidManifest.xml:34:17-107
67                android:value="com.google.firebase.components.ComponentRegistrar" />
67-->[com.google.firebase:firebase-storage:19.1.1] AndroidManifest.xml:35:17-82
68            <meta-data
68-->[com.google.firebase:firebase-auth:19.3.1] AndroidManifest.xml:36:13-38:85
69                android:name="com.google.firebase.components:com.google.firebase.auth.FirebaseAuthRegistrar"
69-->[com.google.firebase:firebase-auth:19.3.1] AndroidManifest.xml:37:17-109
70                android:value="com.google.firebase.components.ComponentRegistrar" />
70-->[com.google.firebase:firebase-auth:19.3.1] AndroidManifest.xml:38:17-82
71            <meta-data
71-->[com.google.firebase:firebase-firestore:21.4.3] AndroidManifest.xml:20:13-22:85
72                android:name="com.google.firebase.components:com.google.firebase.firestore.FirestoreRegistrar"
72-->[com.google.firebase:firebase-firestore:21.4.3] AndroidManifest.xml:21:17-111
73                android:value="com.google.firebase.components.ComponentRegistrar" />
73-->[com.google.firebase:firebase-firestore:21.4.3] AndroidManifest.xml:22:17-82
74        </service> <!-- Needs to be explicitly declared on P+ -->
75        <uses-library
75-->[com.google.android.gms:play-services-maps:17.0.0] AndroidManifest.xml:33:9-35:40
76            android:name="org.apache.http.legacy"
76-->[com.google.android.gms:play-services-maps:17.0.0] AndroidManifest.xml:34:13-50
77            android:required="false" />
77-->[com.google.android.gms:play-services-maps:17.0.0] AndroidManifest.xml:35:13-37
78
79        <provider
79-->[com.squareup.picasso:picasso:2.71828] AndroidManifest.xml:8:9-11:40
80            android:name="com.squareup.picasso.PicassoProvider"
80-->[com.squareup.picasso:picasso:2.71828] AndroidManifest.xml:9:13-64
81            android:authorities="it.unimib.turistafelice.com.squareup.picasso"
81-->[com.squareup.picasso:picasso:2.71828] AndroidManifest.xml:10:13-72
82            android:exported="false" />
82-->[com.squareup.picasso:picasso:2.71828] AndroidManifest.xml:11:13-37
83
84        <activity
84-->[com.google.firebase:firebase-auth:19.3.1] AndroidManifest.xml:24:9-31:50
85            android:name="com.google.firebase.auth.internal.FederatedSignInActivity"
85-->[com.google.firebase:firebase-auth:19.3.1] AndroidManifest.xml:25:13-85
86            android:excludeFromRecents="true"
86-->[com.google.firebase:firebase-auth:19.3.1] AndroidManifest.xml:26:13-46
87            android:exported="true"
87-->[com.google.firebase:firebase-auth:19.3.1] AndroidManifest.xml:27:13-36
88            android:launchMode="singleTask"
88-->[com.google.firebase:firebase-auth:19.3.1] AndroidManifest.xml:28:13-44
89            android:permission="com.google.firebase.auth.api.gms.permission.LAUNCH_FEDERATED_SIGN_IN"
89-->[com.google.firebase:firebase-auth:19.3.1] AndroidManifest.xml:29:13-102
90            android:theme="@android:style/Theme.Translucent.NoTitleBar" />
90-->[com.google.firebase:firebase-auth:19.3.1] AndroidManifest.xml:30:13-72
91
92        <provider
92-->[com.google.firebase:firebase-common:19.3.0] AndroidManifest.xml:26:9-30:39
93            android:name="com.google.firebase.provider.FirebaseInitProvider"
93-->[com.google.firebase:firebase-common:19.3.0] AndroidManifest.xml:27:13-77
94            android:authorities="it.unimib.turistafelice.firebaseinitprovider"
94-->[com.google.firebase:firebase-common:19.3.0] AndroidManifest.xml:28:13-72
95            android:exported="false"
95-->[com.google.firebase:firebase-common:19.3.0] AndroidManifest.xml:29:13-37
96            android:initOrder="100" />
96-->[com.google.firebase:firebase-common:19.3.0] AndroidManifest.xml:30:13-36
97
98        <activity
98-->[com.google.android.gms:play-services-base:17.1.0] AndroidManifest.xml:23:9-26:75
99            android:name="com.google.android.gms.common.api.GoogleApiActivity"
99-->[com.google.android.gms:play-services-base:17.1.0] AndroidManifest.xml:24:13-79
100            android:exported="false"
100-->[com.google.android.gms:play-services-base:17.1.0] AndroidManifest.xml:25:13-37
101            android:theme="@android:style/Theme.Translucent.NoTitleBar" />
101-->[com.google.android.gms:play-services-base:17.1.0] AndroidManifest.xml:26:13-72
102
103        <meta-data
103-->[com.google.android.gms:play-services-basement:17.0.0] AndroidManifest.xml:23:9-25:69
104            android:name="com.google.android.gms.version"
104-->[com.google.android.gms:play-services-basement:17.0.0] AndroidManifest.xml:24:13-58
105            android:value="@integer/google_play_services_version" />
105-->[com.google.android.gms:play-services-basement:17.0.0] AndroidManifest.xml:25:13-66
106
107        <service
107-->[com.google.android.datatransport:transport-backend-cct:2.1.0] AndroidManifest.xml:29:9-35:19
108            android:name="com.google.android.datatransport.runtime.backends.TransportBackendDiscovery"
108-->[com.google.android.datatransport:transport-backend-cct:2.1.0] AndroidManifest.xml:30:13-103
109            android:exported="false" >
109-->[com.google.android.datatransport:transport-backend-cct:2.1.0] AndroidManifest.xml:31:13-37
110            <meta-data
110-->[com.google.android.datatransport:transport-backend-cct:2.1.0] AndroidManifest.xml:32:13-34:39
111                android:name="backend:com.google.android.datatransport.cct.CctBackendFactory"
111-->[com.google.android.datatransport:transport-backend-cct:2.1.0] AndroidManifest.xml:33:17-94
112                android:value="cct" />
112-->[com.google.android.datatransport:transport-backend-cct:2.1.0] AndroidManifest.xml:34:17-36
113        </service>
114        <service
114-->[com.google.android.datatransport:transport-runtime:2.1.0] AndroidManifest.xml:26:9-30:19
115            android:name="com.google.android.datatransport.runtime.scheduling.jobscheduling.JobInfoSchedulerService"
115-->[com.google.android.datatransport:transport-runtime:2.1.0] AndroidManifest.xml:27:13-117
116            android:exported="false"
116-->[com.google.android.datatransport:transport-runtime:2.1.0] AndroidManifest.xml:28:13-37
117            android:permission="android.permission.BIND_JOB_SERVICE" >
117-->[com.google.android.datatransport:transport-runtime:2.1.0] AndroidManifest.xml:29:13-69
118        </service>
119
120        <receiver
120-->[com.google.android.datatransport:transport-runtime:2.1.0] AndroidManifest.xml:32:9-34:40
121            android:name="com.google.android.datatransport.runtime.scheduling.jobscheduling.AlarmManagerSchedulerBroadcastReceiver"
121-->[com.google.android.datatransport:transport-runtime:2.1.0] AndroidManifest.xml:33:13-132
122            android:exported="false" />
122-->[com.google.android.datatransport:transport-runtime:2.1.0] AndroidManifest.xml:34:13-37
123
124        <provider
124-->[androidx.lifecycle:lifecycle-process:2.1.0] AndroidManifest.xml:23:9-27:43
125            android:name="androidx.lifecycle.ProcessLifecycleOwnerInitializer"
125-->[androidx.lifecycle:lifecycle-process:2.1.0] AndroidManifest.xml:24:13-79
126            android:authorities="it.unimib.turistafelice.lifecycle-process"
126-->[androidx.lifecycle:lifecycle-process:2.1.0] AndroidManifest.xml:25:13-69
127            android:exported="false"
127-->[androidx.lifecycle:lifecycle-process:2.1.0] AndroidManifest.xml:26:13-37
128            android:multiprocess="true" />
128-->[androidx.lifecycle:lifecycle-process:2.1.0] AndroidManifest.xml:27:13-40
129    </application>
130
131</manifest>